0 info it worked if it ends with ok
1 verbose cli [ '/Users/ali-130284n/.nvm/versions/node/v7.6.0/bin/node',
1 verbose cli   '/Users/ali-130284n/.nvm/versions/node/v7.6.0/lib/node_modules/tnpm/node_modules/npm/bin/npm-cli.js',
1 verbose cli   '--cache=/Users/ali-130284n/.tnpm',
1 verbose cli   '--tmp=/Users/ali-130284n/.tnpm_tmp',
1 verbose cli   '--no-proxy',
1 verbose cli   '--disturl=https://tnpm-hz.oss-cn-hangzhou.aliyuncs.com/dist/node',
1 verbose cli   '--userconfig=/Users/ali-130284n/.tnpmrc',
1 verbose cli   '--registry=http://registry.npm.alibaba-inc.com',
1 verbose cli   'pu',
1 verbose cli   '@ali/dbl-template-node' ]
2 info using npm@3.10.9
3 info using node@v7.6.0
4 verbose publish [ '@ali/dbl-template-node' ]
5 silly cache add args [ '@ali/dbl-template-node', null ]
6 verbose cache add spec @ali/dbl-template-node
7 silly cache add parsed spec Result {
7 silly cache add   raw: '@ali/dbl-template-node',
7 silly cache add   scope: '@ali',
7 silly cache add   escapedName: '@ali%2fdbl-template-node',
7 silly cache add   name: '@ali/dbl-template-node',
7 silly cache add   rawSpec: '',
7 silly cache add   spec: 'latest',
7 silly cache add   type: 'tag' }
8 silly addNamed @ali/dbl-template-node@latest
9 verbose addNamed "latest" is being treated as a dist-tag for @ali/dbl-template-node
10 info addNameTag [ '@ali/dbl-template-node', 'latest' ]
11 silly mapToRegistry name @ali/dbl-template-node
12 silly mapToRegistry scope (from package name) @ali
13 verbose mapToRegistry no registry URL found in name for scope @ali
14 silly mapToRegistry using default registry
15 silly mapToRegistry registry http://registry.npm.alibaba-inc.com/
16 silly mapToRegistry data Result {
16 silly mapToRegistry   raw: '@ali/dbl-template-node',
16 silly mapToRegistry   scope: '@ali',
16 silly mapToRegistry   escapedName: '@ali%2fdbl-template-node',
16 silly mapToRegistry   name: '@ali/dbl-template-node',
16 silly mapToRegistry   rawSpec: '',
16 silly mapToRegistry   spec: 'latest',
16 silly mapToRegistry   type: 'tag' }
17 silly mapToRegistry uri http://registry.npm.alibaba-inc.com/@ali%2fdbl-template-node
18 verbose addNameTag registry:http://registry.npm.alibaba-inc.com/@ali%2fdbl-template-node not in flight; fetching
19 verbose request uri http://registry.npm.alibaba-inc.com/@ali%2fdbl-template-node
20 verbose request no auth needed
21 info attempt registry request try #1 at 10:56:20 PM
22 verbose request id b7426ce8eaf156bc
23 http request GET http://registry.npm.alibaba-inc.com/@ali%2fdbl-template-node
24 http 404 http://registry.npm.alibaba-inc.com/@ali%2fdbl-template-node
25 verbose headers { server: 'Tengine',
25 verbose headers   date: 'Tue, 11 Apr 2017 14:56:20 GMT',
25 verbose headers   'content-type': 'application/json; charset=utf-8',
25 verbose headers   'content-length': '51',
25 verbose headers   connection: 'keep-alive',
25 verbose headers   'x-current-requests': '1',
25 verbose headers   'x-readtime': '26' }
26 silly get cb [ 404,
26 silly get   { server: 'Tengine',
26 silly get     date: 'Tue, 11 Apr 2017 14:56:20 GMT',
26 silly get     'content-type': 'application/json; charset=utf-8',
26 silly get     'content-length': '51',
26 silly get     connection: 'keep-alive',
26 silly get     'x-current-requests': '1',
26 silly get     'x-readtime': '26' } ]
27 verbose stack Error: 404 Not Found: @ali/dbl-template-node
27 verbose stack     at makeError (/Users/ali-130284n/.nvm/versions/node/v7.6.0/lib/node_modules/tnpm/node_modules/npm/node_modules/npm-registry-client/lib/request.js:302:12)
27 verbose stack     at CachingRegistryClient.<anonymous> (/Users/ali-130284n/.nvm/versions/node/v7.6.0/lib/node_modules/tnpm/node_modules/npm/node_modules/npm-registry-client/lib/request.js:288:14)
27 verbose stack     at Request._callback (/Users/ali-130284n/.nvm/versions/node/v7.6.0/lib/node_modules/tnpm/node_modules/npm/node_modules/npm-registry-client/lib/request.js:210:14)
27 verbose stack     at Request.self.callback (/Users/ali-130284n/.nvm/versions/node/v7.6.0/lib/node_modules/tnpm/node_modules/npm/node_modules/request/request.js:187:22)
27 verbose stack     at emitTwo (events.js:106:13)
27 verbose stack     at Request.emit (events.js:192:7)
27 verbose stack     at Request.<anonymous> (/Users/ali-130284n/.nvm/versions/node/v7.6.0/lib/node_modules/tnpm/node_modules/npm/node_modules/request/request.js:1048:10)
27 verbose stack     at emitOne (events.js:96:13)
27 verbose stack     at Request.emit (events.js:189:7)
27 verbose stack     at IncomingMessage.<anonymous> (/Users/ali-130284n/.nvm/versions/node/v7.6.0/lib/node_modules/tnpm/node_modules/npm/node_modules/request/request.js:969:12)
28 verbose statusCode 404
29 verbose pkgid @ali/dbl-template-node
30 verbose cwd /Users/ali-130284n/ali/dev/dbl-repos/dbl-template-node
31 error Darwin 16.3.0
32 error argv "/Users/ali-130284n/.nvm/versions/node/v7.6.0/bin/node" "/Users/ali-130284n/.nvm/versions/node/v7.6.0/lib/node_modules/tnpm/node_modules/npm/bin/npm-cli.js" "--cache=/Users/ali-130284n/.tnpm" "--tmp=/Users/ali-130284n/.tnpm_tmp" "--no-proxy" "--disturl=https://tnpm-hz.oss-cn-hangzhou.aliyuncs.com/dist/node" "--userconfig=/Users/ali-130284n/.tnpmrc" "--registry=http://registry.npm.alibaba-inc.com" "pu" "@ali/dbl-template-node"
33 error node v7.6.0
34 error npm  v3.10.9
35 error code E404
36 error 404 Not Found: @ali/dbl-template-node
37 error 404
38 error 404 '@ali/dbl-template-node' is not in the npm registry.
39 error 404 You should bug the author to publish it (or use the name yourself!)
40 error 404 Note that you can also install from a
41 error 404 tarball, folder, http url, or git url.
42 verbose exit [ 1, true ]
